array (
  'success' => false,
  'error' => 
  array (
    'script' => 
    array (
      1 => '[ERROR] in temp.js
  127:44:SyntaxError: let declaration not directly within block
[ERROR] in temp.js
  130:32:SyntaxError: let declaration not directly within block
[ERROR] in temp.js
  1:0:Compilation produced 2 syntax errors.
',
    ),
  ),
)